# JRE version: Java(TM) SE Runtime Environment (8.0_05-b13) (build 1.8.0_05-b13)
# Java VM: Java HotSpot(TM) 64-Bit Server VM (25.5-b02 mixed mode windows-amd64 compressed oops)
Heap:
 PSYoungGen      total 18432K, used 4800K [0x00000000eb500000, 0x00000000ed700000, 0x0000000100000000)
  eden space 13824K, 1% used [0x00000000eb500000,0x00000000eb531640,0x00000000ec280000)
  from space 4608K, 99% used [0x00000000ec280000,0x00000000ec6fec10,0x00000000ec700000)
  to   space 6144K, 0% used [0x00000000ed100000,0x00000000ed100000,0x00000000ed700000)
 ParOldGen       total 64000K, used 11897K [0x00000000c1e00000, 0x00000000c5c80000, 0x00000000eb500000)
  object space 64000K, 18% used [0x00000000c1e00000,0x00000000c299e688,0x00000000c5c80000)
 Metaspace       used 7702K, capacity 7802K, committed 8064K, reserved 1056768K
  class space    used 852K, capacity 885K, committed 896K, reserved 1048576K
GC Heap History (10 events):
Event: 1.905 GC heap before
{Heap before GC invocations=11 (full 0):
 PSYoungGen      total 7680K, used 6848K [0x00000000eb500000, 0x00000000ebd80000, 0x0000000100000000)
  eden space 6656K, 100% used [0x00000000eb500000,0x00000000ebb80000,0x00000000ebb80000)
  from space 1024K, 18% used [0x00000000ebc80000,0x00000000ebcb0000,0x00000000ebd80000)
  to   space 1024K, 0% used [0x00000000ebb80000,0x00000000ebb80000,0x00000000ebc80000)
 ParOldGen       total 64000K, used 1086K [0x00000000c1e00000, 0x00000000c5c80000, 0x00000000eb500000)
  object space 64000K, 1% used [0x00000000c1e00000,0x00000000c1f0f898,0x00000000c5c80000)
 Metaspace       used 7536K, capacity 7610K, committed 7808K, reserved 1056768K
  class space    used 838K, capacity 885K, committed 896K, reserved 1048576K
Event: 1.928 GC heap after
Heap after GC invocations=11 (full 0):
 PSYoungGen      total 7680K, used 448K [0x00000000eb500000, 0x00000000ec180000, 0x0000000100000000)
  eden space 6656K, 0% used [0x00000000eb500000,0x00000000eb500000,0x00000000ebb80000)
  from space 1024K, 43% used [0x00000000ebb80000,0x00000000ebbf0000,0x00000000ebc80000)
  to   space 1024K, 0% used [0x00000000ec080000,0x00000000ec080000,0x00000000ec180000)
 ParOldGen       total 64000K, used 3249K [0x00000000c1e00000, 0x00000000c5c80000, 0x00000000eb500000)
  object space 64000K, 5% used [0x00000000c1e00000,0x00000000c212c4a8,0x00000000c5c80000)
 Metaspace       used 7536K, capacity 7610K, committed 7808K, reserved 1056768K
  class space    used 838K, capacity 885K, committed 896K, reserved 1048576K
}
Event: 2.992 GC heap before
{Heap before GC invocations=12 (full 0):
 PSYoungGen      total 7680K, used 7104K [0x00000000eb500000, 0x00000000ec180000, 0x0000000100000000)
  eden space 6656K, 100% used [0x00000000eb500000,0x00000000ebb80000,0x00000000ebb80000)
  from space 1024K, 43% used [0x00000000ebb80000,0x00000000ebbf0000,0x00000000ebc80000)
  to   space 1024K, 0% used [0x00000000ec080000,0x00000000ec080000,0x00000000ec180000)
 ParOldGen       total 64000K, used 3249K [0x00000000c1e00000, 0x00000000c5c80000, 0x00000000eb500000)
  object space 64000K, 5% used [0x00000000c1e00000,0x00000000c212c4a8,0x00000000c5c80000)
 Metaspace       used 7681K, capacity 7802K, committed 8064K, reserved 1056768K
  class space    used 852K, capacity 885K, committed 896K, reserved 1048576K
Event: 2.999 GC heap after
Heap after GC invocations=12 (full 0):
 PSYoungGen      total 9728K, used 1024K [0x00000000eb500000, 0x00000000ec580000, 0x0000000100000000)
  eden space 8704K, 0% used [0x00000000eb500000,0x00000000eb500000,0x00000000ebd80000)
  from space 1024K, 100% used [0x00000000ec080000,0x00000000ec180000,0x00000000ec180000)
  to   space 3072K, 0% used [0x00000000ebd80000,0x00000000ebd80000,0x00000000ec080000)
 ParOldGen       total 64000K, used 8377K [0x00000000c1e00000, 0x00000000c5c80000, 0x00000000eb500000)
  object space 64000K, 13% used [0x00000000c1e00000,0x00000000c262e688,0x00000000c5c80000)
 Metaspace       used 7681K, capacity 7802K, committed 8064K, reserved 1056768K
  class space    used 852K, capacity 885K, committed 896K, reserved 1048576K
}
Event: 4.788 GC heap before
{Heap before GC invocations=13 (full 0):
 PSYoungGen      total 9728K, used 9628K [0x00000000eb500000, 0x00000000ec580000, 0x0000000100000000)
  eden space 8704K, 98% used [0x00000000eb500000,0x00000000ebd67348,0x00000000ebd80000)
  from space 1024K, 100% used [0x00000000ec080000,0x00000000ec180000,0x00000000ec180000)
  to   space 3072K, 0% used [0x00000000ebd80000,0x00000000ebd80000,0x00000000ec080000)
 ParOldGen       total 64000K, used 8377K [0x00000000c1e00000, 0x00000000c5c80000, 0x00000000eb500000)
  object space 64000K, 13% used [0x00000000c1e00000,0x00000000c262e688,0x00000000c5c80000)
 Metaspace       used 7682K, capacity 7802K, committed 8064K, reserved 1056768K
  class space    used 852K, capacity 885K, committed 896K, reserved 1048576K
Event: 4.799 GC heap after
Heap after GC invocations=13 (full 0):
 PSYoungGen      total 11776K, used 3072K [0x00000000eb500000, 0x00000000ecb00000, 0x0000000100000000)
  eden space 8704K, 0% used [0x00000000eb500000,0x00000000eb500000,0x00000000ebd80000)
  from space 3072K, 100% used [0x00000000ebd80000,0x00000000ec080000,0x00000000ec080000)
  to   space 4096K, 0% used [0x00000000ec700000,0x00000000ec700000,0x00000000ecb00000)
 ParOldGen       total 64000K, used 9569K [0x00000000c1e00000, 0x00000000c5c80000, 0x00000000eb500000)
  object space 64000K, 14% used [0x00000000c1e00000,0x00000000c2758688,0x00000000c5c80000)
 Metaspace       used 7682K, capacity 7802K, committed 8064K, reserved 1056768K
  class space    used 852K, capacity 885K, committed 896K, reserved 1048576K
}
Event: 5.867 GC heap before
{Heap before GC invocations=14 (full 0):
 PSYoungGen      total 11776K, used 11776K [0x00000000eb500000, 0x00000000ecb00000, 0x0000000100000000)
  eden space 8704K, 100% used [0x00000000eb500000,0x00000000ebd80000,0x00000000ebd80000)
  from space 3072K, 100% used [0x00000000ebd80000,0x00000000ec080000,0x00000000ec080000)
  to   space 4096K, 0% used [0x00000000ec700000,0x00000000ec700000,0x00000000ecb00000)
 ParOldGen       total 64000K, used 9569K [0x00000000c1e00000, 0x00000000c5c80000, 0x00000000eb500000)
  object space 64000K, 14% used [0x00000000c1e00000,0x00000000c2758688,0x00000000c5c80000)
 Metaspace       used 7700K, capacity 7802K, committed 8064K, reserved 1056768K
  class space    used 852K, capacity 885K, committed 896K, reserved 1048576K
Event: 5.872 GC heap after
Heap after GC invocations=14 (full 0):
 PSYoungGen      total 17920K, used 3451K [0x00000000eb500000, 0x00000000ecc00000, 0x0000000100000000)
  eden space 13824K, 0% used [0x00000000eb500000,0x00000000eb500000,0x00000000ec280000)
  from space 4096K, 84% used [0x00000000ec700000,0x00000000eca5ec10,0x00000000ecb00000)
  to   space 4608K, 0% used [0x00000000ec280000,0x00000000ec280000,0x00000000ec700000)
 ParOldGen       total 64000K, used 9833K [0x00000000c1e00000, 0x00000000c5c80000, 0x00000000eb500000)
  object space 64000K, 15% used [0x00000000c1e00000,0x00000000c279a688,0x00000000c5c80000)
 Metaspace       used 7700K, capacity 7802K, committed 8064K, reserved 1056768K
  class space    used 852K, capacity 885K, committed 896K, reserved 1048576K
}
Event: 8.318 GC heap before
{Heap before GC invocations=15 (full 0):
 PSYoungGen      total 17920K, used 17275K [0x00000000eb500000, 0x00000000ecc00000, 0x0000000100000000)
  eden space 13824K, 100% used [0x00000000eb500000,0x00000000ec280000,0x00000000ec280000)
  from space 4096K, 84% used [0x00000000ec700000,0x00000000eca5ec10,0x00000000ecb00000)
  to   space 4608K, 0% used [0x00000000ec280000,0x00000000ec280000,0x00000000ec700000)
 ParOldGen       total 64000K, used 9833K [0x00000000c1e00000, 0x00000000c5c80000, 0x00000000eb500000)
  object space 64000K, 15% used [0x00000000c1e00000,0x00000000c279a688,0x00000000c5c80000)
 Metaspace       used 7702K, capacity 7802K, committed 8064K, reserved 1056768K
  class space    used 852K, capacity 885K, committed 896K, reserved 1048576K
Event: 8.331 GC heap after
Heap after GC invocations=15 (full 0):
 PSYoungGen      total 18432K, used 4603K [0x00000000eb500000, 0x00000000ed700000, 0x0000000100000000)
  eden space 13824K, 0% used [0x00000000eb500000,0x00000000eb500000,0x00000000ec280000)
  from space 4608K, 99% used [0x00000000ec280000,0x00000000ec6fec10,0x00000000ec700000)
  to   space 6144K, 0% used [0x00000000ed100000,0x00000000ed100000,0x00000000ed700000)
 ParOldGen       total 64000K, used 11897K [0x00000000c1e00000, 0x00000000c5c80000, 0x00000000eb500000)
  object space 64000K, 18% used [0x00000000c1e00000,0x00000000c299e688,0x00000000c5c80000)
 Metaspace       used 7702K, capacity 7802K, committed 8064K, reserved 1056768K
  class space    used 852K, capacity 885K, committed 896K, reserved 1048576K
}

