# JRE version: Java(TM) SE Runtime Environment (8.0_05-b13) (build 1.8.0_05-b13)
# Java VM: Java HotSpot(TM) 64-Bit Server VM (25.5-b02 mixed mode windows-amd64 compressed oops)
Heap:
 PSYoungGen      total 26112K, used 7831K [0x00000000eb500000, 0x00000000eda00000, 0x0000000100000000)
  eden space 16896K, 1% used [0x00000000eb500000,0x00000000eb537028,0x00000000ec580000)
  from space 9216K, 82% used [0x00000000ecf80000,0x00000000ed6eec10,0x00000000ed880000)
  to   space 10240K, 0% used [0x00000000ec580000,0x00000000ec580000,0x00000000ecf80000)
 ParOldGen       total 64000K, used 19414K [0x00000000c1e00000, 0x00000000c5c80000, 0x00000000eb500000)
  object space 64000K, 30% used [0x00000000c1e00000,0x00000000c30f5a78,0x00000000c5c80000)
 Metaspace       used 7820K, capacity 7958K, committed 8192K, reserved 1056768K
  class space    used 870K, capacity 917K, committed 1024K, reserved 1048576K
GC Heap History (10 events):
Event: 24.102 GC heap before
{Heap before GC invocations=20 (full 0):
 PSYoungGen      total 26624K, used 24605K [0x00000000eb500000, 0x00000000edb80000, 0x0000000100000000)
  eden space 19968K, 90% used [0x00000000eb500000,0x00000000ec697598,0x00000000ec880000)
  from space 6656K, 99% used [0x00000000ed100000,0x00000000ed770000,0x00000000ed780000)
  to   space 4096K, 0% used [0x00000000ed780000,0x00000000ed780000,0x00000000edb80000)
 ParOldGen       total 64000K, used 15734K [0x00000000c1e00000, 0x00000000c5c80000, 0x00000000eb500000)
  object space 64000K, 24% used [0x00000000c1e00000,0x00000000c2d5da78,0x00000000c5c80000)
 Metaspace       used 7816K, capacity 7958K, committed 8192K, reserved 1056768K
  class space    used 870K, capacity 917K, committed 1024K, reserved 1048576K
Event: 24.116 GC heap after
Heap after GC invocations=20 (full 0):
 PSYoungGen      total 23552K, used 4096K [0x00000000eb500000, 0x00000000edb80000, 0x0000000100000000)
  eden space 19456K, 0% used [0x00000000eb500000,0x00000000eb500000,0x00000000ec800000)
  from space 4096K, 100% used [0x00000000ed780000,0x00000000edb80000,0x00000000edb80000)
  to   space 9728K, 0% used [0x00000000ec880000,0x00000000ec880000,0x00000000ed200000)
 ParOldGen       total 64000K, used 17262K [0x00000000c1e00000, 0x00000000c5c80000, 0x00000000eb500000)
  object space 64000K, 26% used [0x00000000c1e00000,0x00000000c2edba78,0x00000000c5c80000)
 Metaspace       used 7816K, capacity 7958K, committed 8192K, reserved 1056768K
  class space    used 870K, capacity 917K, committed 1024K, reserved 1048576K
}
Event: 26.690 GC heap before
{Heap before GC invocations=21 (full 0):
 PSYoungGen      total 23552K, used 21544K [0x00000000eb500000, 0x00000000edb80000, 0x0000000100000000)
  eden space 19456K, 89% used [0x00000000eb500000,0x00000000ec60a088,0x00000000ec800000)
  from space 4096K, 100% used [0x00000000ed780000,0x00000000edb80000,0x00000000edb80000)
  to   space 9728K, 0% used [0x00000000ec880000,0x00000000ec880000,0x00000000ed200000)
 ParOldGen       total 64000K, used 17262K [0x00000000c1e00000, 0x00000000c5c80000, 0x00000000eb500000)
  object space 64000K, 26% used [0x00000000c1e00000,0x00000000c2edba78,0x00000000c5c80000)
 Metaspace       used 7819K, capacity 7958K, committed 8192K, reserved 1056768K
  class space    used 870K, capacity 917K, committed 1024K, reserved 1048576K
Event: 26.706 GC heap after
Heap after GC invocations=21 (full 0):
 PSYoungGen      total 24064K, used 5024K [0x00000000eb500000, 0x00000000eda80000, 0x0000000100000000)
  eden space 18944K, 0% used [0x00000000eb500000,0x00000000eb500000,0x00000000ec780000)
  from space 5120K, 98% used [0x00000000ec880000,0x00000000ecd68000,0x00000000ecd80000)
  to   space 9728K, 0% used [0x00000000ed100000,0x00000000ed100000,0x00000000eda80000)
 ParOldGen       total 64000K, used 19390K [0x00000000c1e00000, 0x00000000c5c80000, 0x00000000eb500000)
  object space 64000K, 30% used [0x00000000c1e00000,0x00000000c30efa78,0x00000000c5c80000)
 Metaspace       used 7819K, capacity 7958K, committed 8192K, reserved 1056768K
  class space    used 870K, capacity 917K, committed 1024K, reserved 1048576K
}
Event: 29.444 GC heap before
{Heap before GC invocations=22 (full 0):
 PSYoungGen      total 24064K, used 22350K [0x00000000eb500000, 0x00000000eda80000, 0x0000000100000000)
  eden space 18944K, 91% used [0x00000000eb500000,0x00000000ec5eb950,0x00000000ec780000)
  from space 5120K, 98% used [0x00000000ec880000,0x00000000ecd68000,0x00000000ecd80000)
  to   space 9728K, 0% used [0x00000000ed100000,0x00000000ed100000,0x00000000eda80000)
 ParOldGen       total 64000K, used 19390K [0x00000000c1e00000, 0x00000000c5c80000, 0x00000000eb500000)
  object space 64000K, 30% used [0x00000000c1e00000,0x00000000c30efa78,0x00000000c5c80000)
 Metaspace       used 7820K, capacity 7958K, committed 8192K, reserved 1056768K
  class space    used 870K, capacity 917K, committed 1024K, reserved 1048576K
Event: 29.455 GC heap after
Heap after GC invocations=22 (full 0):
 PSYoungGen      total 27648K, used 4768K [0x00000000eb500000, 0x00000000eda00000, 0x0000000100000000)
  eden space 18432K, 0% used [0x00000000eb500000,0x00000000eb500000,0x00000000ec700000)
  from space 9216K, 51% used [0x00000000ed100000,0x00000000ed5a8000,0x00000000eda00000)
  to   space 9728K, 0% used [0x00000000ec700000,0x00000000ec700000,0x00000000ed080000)
 ParOldGen       total 64000K, used 19398K [0x00000000c1e00000, 0x00000000c5c80000, 0x00000000eb500000)
  object space 64000K, 30% used [0x00000000c1e00000,0x00000000c30f1a78,0x00000000c5c80000)
 Metaspace       used 7820K, capacity 7958K, committed 8192K, reserved 1056768K
  class space    used 870K, capacity 917K, committed 1024K, reserved 1048576K
}
Event: 32.099 GC heap before
{Heap before GC invocations=23 (full 0):
 PSYoungGen      total 27648K, used 21979K [0x00000000eb500000, 0x00000000eda00000, 0x0000000100000000)
  eden space 18432K, 93% used [0x00000000eb500000,0x00000000ec5cef48,0x00000000ec700000)
  from space 9216K, 51% used [0x00000000ed100000,0x00000000ed5a8000,0x00000000eda00000)
  to   space 9728K, 0% used [0x00000000ec700000,0x00000000ec700000,0x00000000ed080000)
 ParOldGen       total 64000K, used 19398K [0x00000000c1e00000, 0x00000000c5c80000, 0x00000000eb500000)
  object space 64000K, 30% used [0x00000000c1e00000,0x00000000c30f1a78,0x00000000c5c80000)
 Metaspace       used 7820K, capacity 7958K, committed 8192K, reserved 1056768K
  class space    used 870K, capacity 917K, committed 1024K, reserved 1048576K
Event: 32.111 GC heap after
Heap after GC invocations=23 (full 0):
 PSYoungGen      total 23040K, used 4768K [0x00000000eb500000, 0x00000000ed880000, 0x0000000100000000)
  eden space 17920K, 0% used [0x00000000eb500000,0x00000000eb500000,0x00000000ec680000)
  from space 5120K, 93% used [0x00000000ec700000,0x00000000ecba8000,0x00000000ecc00000)
  to   space 9216K, 0% used [0x00000000ecf80000,0x00000000ecf80000,0x00000000ed880000)
 ParOldGen       total 64000K, used 19406K [0x00000000c1e00000, 0x00000000c5c80000, 0x00000000eb500000)
  object space 64000K, 30% used [0x00000000c1e00000,0x00000000c30f3a78,0x00000000c5c80000)
 Metaspace       used 7820K, capacity 7958K, committed 8192K, reserved 1056768K
  class space    used 870K, capacity 917K, committed 1024K, reserved 1048576K
}
Event: 34.744 GC heap before
{Heap before GC invocations=24 (full 0):
 PSYoungGen      total 23040K, used 22688K [0x00000000eb500000, 0x00000000ed880000, 0x0000000100000000)
  eden space 17920K, 100% used [0x00000000eb500000,0x00000000ec680000,0x00000000ec680000)
  from space 5120K, 93% used [0x00000000ec700000,0x00000000ecba8000,0x00000000ecc00000)
  to   space 9216K, 0% used [0x00000000ecf80000,0x00000000ecf80000,0x00000000ed880000)
 ParOldGen       total 64000K, used 19406K [0x00000000c1e00000, 0x00000000c5c80000, 0x00000000eb500000)
  object space 64000K, 30% used [0x00000000c1e00000,0x00000000c30f3a78,0x00000000c5c80000)
 Metaspace       used 7820K, capacity 7958K, committed 8192K, reserved 1056768K
  class space    used 870K, capacity 917K, committed 1024K, reserved 1048576K
Event: 34.758 GC heap after
Heap after GC invocations=24 (full 0):
 PSYoungGen      total 26112K, used 7611K [0x00000000eb500000, 0x00000000eda00000, 0x0000000100000000)
  eden space 16896K, 0% used [0x00000000eb500000,0x00000000eb500000,0x00000000ec580000)
  from space 9216K, 82% used [0x00000000ecf80000,0x00000000ed6eec10,0x00000000ed880000)
  to   space 10240K, 0% used [0x00000000ec580000,0x00000000ec580000,0x00000000ecf80000)
 ParOldGen       total 64000K, used 19414K [0x00000000c1e00000, 0x00000000c5c80000, 0x00000000eb500000)
  object space 64000K, 30% used [0x00000000c1e00000,0x00000000c30f5a78,0x00000000c5c80000)
 Metaspace       used 7820K, capacity 7958K, committed 8192K, reserved 1056768K
  class space    used 870K, capacity 917K, committed 1024K, reserved 1048576K
}

