# JRE version: Java(TM) SE Runtime Environment (8.0_05-b13) (build 1.8.0_05-b13)
# Java VM: Java HotSpot(TM) 64-Bit Server VM (25.5-b02 mixed mode windows-amd64 compressed oops)
Heap:
 PSYoungGen      total 14336K, used 2925K [0x00000000eb500000, 0x00000000ed080000, 0x0000000100000000)
  eden space 11776K, 3% used [0x00000000eb500000,0x00000000eb55b7d8,0x00000000ec080000)
  from space 2560K, 100% used [0x00000000ec080000,0x00000000ec300000,0x00000000ec300000)
  to   space 4608K, 0% used [0x00000000ecc00000,0x00000000ecc00000,0x00000000ed080000)
 ParOldGen       total 64000K, used 13464K [0x00000000c1e00000, 0x00000000c5c80000, 0x00000000eb500000)
  object space 64000K, 21% used [0x00000000c1e00000,0x00000000c2b263f0,0x00000000c5c80000)
 Metaspace       used 7700K, capacity 7802K, committed 8064K, reserved 1056768K
  class space    used 852K, capacity 885K, committed 896K, reserved 1048576K
GC Heap History (10 events):
Event: 1.454 GC heap before
{Heap before GC invocations=7 (full 0):
 PSYoungGen      total 5120K, used 4864K [0x00000000eb500000, 0x00000000ebb00000, 0x0000000100000000)
  eden space 4096K, 100% used [0x00000000eb500000,0x00000000eb900000,0x00000000eb900000)
  from space 1024K, 75% used [0x00000000eba00000,0x00000000ebac0000,0x00000000ebb00000)
  to   space 1024K, 0% used [0x00000000eb900000,0x00000000eb900000,0x00000000eba00000)
 ParOldGen       total 64000K, used 830K [0x00000000c1e00000, 0x00000000c5c80000, 0x00000000eb500000)
  object space 64000K, 1% used [0x00000000c1e00000,0x00000000c1ecf990,0x00000000c5c80000)
 Metaspace       used 5431K, capacity 6392K, committed 6528K, reserved 1056768K
  class space    used 595K, capacity 619K, committed 640K, reserved 1048576K
Event: 1.456 GC heap after
Heap after GC invocations=7 (full 0):
 PSYoungGen      total 5120K, used 724K [0x00000000eb500000, 0x00000000ebf00000, 0x0000000100000000)
  eden space 4096K, 0% used [0x00000000eb500000,0x00000000eb500000,0x00000000eb900000)
  from space 1024K, 70% used [0x00000000eb900000,0x00000000eb9b5170,0x00000000eba00000)
  to   space 1024K, 0% used [0x00000000ebe00000,0x00000000ebe00000,0x00000000ebf00000)
 ParOldGen       total 64000K, used 1098K [0x00000000c1e00000, 0x00000000c5c80000, 0x00000000eb500000)
  object space 64000K, 1% used [0x00000000c1e00000,0x00000000c1f129f0,0x00000000c5c80000)
 Metaspace       used 5431K, capacity 6392K, committed 6528K, reserved 1056768K
  class space    used 595K, capacity 619K, committed 640K, reserved 1048576K
}
Event: 1.932 GC heap before
{Heap before GC invocations=8 (full 0):
 PSYoungGen      total 5120K, used 4820K [0x00000000eb500000, 0x00000000ebf00000, 0x0000000100000000)
  eden space 4096K, 100% used [0x00000000eb500000,0x00000000eb900000,0x00000000eb900000)
  from space 1024K, 70% used [0x00000000eb900000,0x00000000eb9b5170,0x00000000eba00000)
  to   space 1024K, 0% used [0x00000000ebe00000,0x00000000ebe00000,0x00000000ebf00000)
 ParOldGen       total 64000K, used 1098K [0x00000000c1e00000, 0x00000000c5c80000, 0x00000000eb500000)
  object space 64000K, 1% used [0x00000000c1e00000,0x00000000c1f129f0,0x00000000c5c80000)
 Metaspace       used 5551K, capacity 6462K, committed 6528K, reserved 1056768K
  class space    used 604K, capacity 620K, committed 640K, reserved 1048576K
Event: 1.938 GC heap after
Heap after GC invocations=8 (full 0):
 PSYoungGen      total 9216K, used 408K [0x00000000eb500000, 0x00000000ebf00000, 0x0000000100000000)
  eden space 8192K, 0% used [0x00000000eb500000,0x00000000eb500000,0x00000000ebd00000)
  from space 1024K, 39% used [0x00000000ebe00000,0x00000000ebe660d8,0x00000000ebf00000)
  to   space 1024K, 0% used [0x00000000ebd00000,0x00000000ebd00000,0x00000000ebe00000)
 ParOldGen       total 64000K, used 1186K [0x00000000c1e00000, 0x00000000c5c80000, 0x00000000eb500000)
  object space 64000K, 1% used [0x00000000c1e00000,0x00000000c1f289f0,0x00000000c5c80000)
 Metaspace       used 5551K, capacity 6462K, committed 6528K, reserved 1056768K
  class space    used 604K, capacity 620K, committed 640K, reserved 1048576K
}
Event: 2.277 GC heap before
{Heap before GC invocations=9 (full 0):
 PSYoungGen      total 9216K, used 8600K [0x00000000eb500000, 0x00000000ebf00000, 0x0000000100000000)
  eden space 8192K, 100% used [0x00000000eb500000,0x00000000ebd00000,0x00000000ebd00000)
  from space 1024K, 39% used [0x00000000ebe00000,0x00000000ebe660d8,0x00000000ebf00000)
  to   space 1024K, 0% used [0x00000000ebd00000,0x00000000ebd00000,0x00000000ebe00000)
 ParOldGen       total 64000K, used 1186K [0x00000000c1e00000, 0x00000000c5c80000, 0x00000000eb500000)
  object space 64000K, 1% used [0x00000000c1e00000,0x00000000c1f289f0,0x00000000c5c80000)
 Metaspace       used 7535K, capacity 7610K, committed 7808K, reserved 1056768K
  class space    used 838K, capacity 885K, committed 896K, reserved 1048576K
Event: 2.286 GC heap after
Heap after GC invocations=9 (full 0):
 PSYoungGen      total 9216K, used 608K [0x00000000eb500000, 0x00000000ec400000, 0x0000000100000000)
  eden space 8192K, 0% used [0x00000000eb500000,0x00000000eb500000,0x00000000ebd00000)
  from space 1024K, 59% used [0x00000000ebd00000,0x00000000ebd98000,0x00000000ebe00000)
  to   space 1024K, 0% used [0x00000000ec300000,0x00000000ec300000,0x00000000ec400000)
 ParOldGen       total 64000K, used 5408K [0x00000000c1e00000, 0x00000000c5c80000, 0x00000000eb500000)
  object space 64000K, 8% used [0x00000000c1e00000,0x00000000c2348210,0x00000000c5c80000)
 Metaspace       used 7535K, capacity 7610K, committed 7808K, reserved 1056768K
  class space    used 838K, capacity 885K, committed 896K, reserved 1048576K
}
Event: 4.735 GC heap before
{Heap before GC invocations=10 (full 0):
 PSYoungGen      total 9216K, used 8800K [0x00000000eb500000, 0x00000000ec400000, 0x0000000100000000)
  eden space 8192K, 100% used [0x00000000eb500000,0x00000000ebd00000,0x00000000ebd00000)
  from space 1024K, 59% used [0x00000000ebd00000,0x00000000ebd98000,0x00000000ebe00000)
  to   space 1024K, 0% used [0x00000000ec300000,0x00000000ec300000,0x00000000ec400000)
 ParOldGen       total 64000K, used 5408K [0x00000000c1e00000, 0x00000000c5c80000, 0x00000000eb500000)
  object space 64000K, 8% used [0x00000000c1e00000,0x00000000c2348210,0x00000000c5c80000)
 Metaspace       used 7681K, capacity 7802K, committed 8064K, reserved 1056768K
  class space    used 852K, capacity 885K, committed 896K, reserved 1048576K
Event: 4.743 GC heap after
Heap after GC invocations=10 (full 0):
 PSYoungGen      total 12800K, used 1024K [0x00000000eb500000, 0x00000000ec700000, 0x0000000100000000)
  eden space 11776K, 0% used [0x00000000eb500000,0x00000000eb500000,0x00000000ec080000)
  from space 1024K, 100% used [0x00000000ec300000,0x00000000ec400000,0x00000000ec400000)
  to   space 2560K, 0% used [0x00000000ec080000,0x00000000ec080000,0x00000000ec300000)
 ParOldGen       total 64000K, used 9409K [0x00000000c1e00000, 0x00000000c5c80000, 0x00000000eb500000)
  object space 64000K, 14% used [0x00000000c1e00000,0x00000000c27307d0,0x00000000c5c80000)
 Metaspace       used 7681K, capacity 7802K, committed 8064K, reserved 1056768K
  class space    used 852K, capacity 885K, committed 896K, reserved 1048576K
}
Event: 7.434 GC heap before
{Heap before GC invocations=11 (full 0):
 PSYoungGen      total 12800K, used 12800K [0x00000000eb500000, 0x00000000ec700000, 0x0000000100000000)
  eden space 11776K, 100% used [0x00000000eb500000,0x00000000ec080000,0x00000000ec080000)
  from space 1024K, 100% used [0x00000000ec300000,0x00000000ec400000,0x00000000ec400000)
  to   space 2560K, 0% used [0x00000000ec080000,0x00000000ec080000,0x00000000ec300000)
 ParOldGen       total 64000K, used 9409K [0x00000000c1e00000, 0x00000000c5c80000, 0x00000000eb500000)
  object space 64000K, 14% used [0x00000000c1e00000,0x00000000c27307d0,0x00000000c5c80000)
 Metaspace       used 7699K, capacity 7802K, committed 8064K, reserved 1056768K
  class space    used 852K, capacity 885K, committed 896K, reserved 1048576K
Event: 7.447 GC heap after
Heap after GC invocations=11 (full 0):
 PSYoungGen      total 14336K, used 2560K [0x00000000eb500000, 0x00000000ed080000, 0x0000000100000000)
  eden space 11776K, 0% used [0x00000000eb500000,0x00000000eb500000,0x00000000ec080000)
  from space 2560K, 100% used [0x00000000ec080000,0x00000000ec300000,0x00000000ec300000)
  to   space 4608K, 0% used [0x00000000ecc00000,0x00000000ecc00000,0x00000000ed080000)
 ParOldGen       total 64000K, used 13464K [0x00000000c1e00000, 0x00000000c5c80000, 0x00000000eb500000)
  object space 64000K, 21% used [0x00000000c1e00000,0x00000000c2b263f0,0x00000000c5c80000)
 Metaspace       used 7699K, capacity 7802K, committed 8064K, reserved 1056768K
  class space    used 852K, capacity 885K, committed 896K, reserved 1048576K
}

